Base path: 'C:/Program Files/Unity/Hub/Editor/2019.4.13f1/Editor/Data', plugins path 'C:/Program Files/Unity/Hub/Editor/2019.4.13f1/Editor/Data/PlaybackEngines'
Cmd: initializeCompiler
Cmd: compileComputeKernel
  api=4 insize=21596 outsize=27350 ok=1
Cmd: compileComputeKernel
  api=4 insize=9615 outsize=4306 ok=1
Cmd: compileComputeKernel
  api=4 insize=9809 outsize=4981 ok=1
Cmd: compileComputeKernel
  api=4 insize=9809 outsize=5226 ok=1
Cmd: compileComputeKernel
  api=4 insize=4823 outsize=885 ok=1
Cmd: compileComputeKernel
  api=4 insize=4823 outsize=890 ok=1
Cmd: compileComputeKernel
  api=4 insize=4823 outsize=667 ok=1
Cmd: compileComputeKernel
  api=4 insize=14139 outsize=2343 ok=1
Cmd: compileComputeKernel
  api=4 insize=11086 outsize=4877 ok=1
Cmd: compileComputeKernel
  api=4 insize=3111 outsize=2047 ok=1
Cmd: compileComputeKernel
  api=4 insize=40264 outsize=36609 ok=1
Cmd: compileComputeKernel
  api=4 insize=40264 outsize=36609 ok=1
Cmd: compileComputeKernel
  api=4 insize=8511 outsize=6716 ok=1
Cmd: compileComputeKernel
  api=4 insize=3450 outsize=1164 ok=1
Cmd: compileComputeKernel
  api=4 insize=22295 outsize=14875 ok=1
Cmd: compileComputeKernel
  api=4 insize=11494 outsize=257 ok=1
Cmd: compileComputeKernel
  api=4 insize=7840 outsize=7481 ok=1
Cmd: compileComputeKernel
  api=4 insize=22339 outsize=2349 ok=1
Cmd: compileComputeKernel
  api=4 insize=6119 outsize=2809 ok=1
Cmd: compileComputeKernel
  api=4 insize=6745 outsize=695 ok=1
Cmd: compileComputeKernel
  api=4 insize=6745 outsize=899 ok=1
Cmd: compileComputeKernel
  api=4 insize=6745 outsize=3091 ok=1
Cmd: compileComputeKernel
  api=4 insize=9103 outsize=2745 ok=1
Cmd: compileComputeKernel
  api=4 insize=26542 outsize=15917 ok=1
Cmd: compileComputeKernel
  api=4 insize=16295 outsize=16035 ok=1
Cmd: compileComputeKernel
  api=4 insize=16295 outsize=31915 ok=1
Cmd: compileComputeKernel
  api=4 insize=16295 outsize=41198 ok=1
Cmd: compileComputeKernel
  api=4 insize=16295 outsize=48578 ok=1
Cmd: compileComputeKernel
  api=4 insize=16295 outsize=34300 ok=1
Cmd: compileComputeKernel
  api=4 insize=16295 outsize=70186 ok=1
Cmd: compileComputeKernel
  api=4 insize=16295 outsize=23938 ok=1
Cmd: compileComputeKernel
  api=4 insize=16295 outsize=45153 ok=1
Cmd: compileComputeKernel
  api=4 insize=16295 outsize=81940 ok=1
Cmd: compileComputeKernel
  api=4 insize=16295 outsize=47858 ok=1
Cmd: compileComputeKernel
  api=4 insize=28593 outsize=1036 ok=1
Cmd: compileComputeKernel
  api=4 insize=3714 outsize=2561 ok=1
Cmd: compileComputeKernel
  api=4 insize=13959 outsize=4058 ok=1
Cmd: compileComputeKernel
  api=4 insize=10587 outsize=7759 ok=1
Cmd: compileSnippet
  api=4 type=0 insize=7443 outsize=810 kw=_NORMALMAP_TANGENT_SPACE pd=UNITY_ENABLE_REFLECTION_BUFFERS UNITY_USE_DITHER_MASK_FOR_ALPHABLENDED_SHADOWS UNITY_PBS_USE_BRDF1 UNITY_SPECCUBE_BOX_PROJECTION UNITY_SPECCUBE_BLENDING UNITY_ENABLE_DETAIL_NORMALMAP SHADER_API_DESKTOP UNITY_LIGHT_PROBE_PROXY_VOLUME UNITY_LIGHTMAP_FULL_HDR ok=1
Cmd: compileSnippet
  api=4 type=1 insize=7919 outsize=10514 kw=DECALS_3RT DEBUG_DISPLAY _NORMALMAP_TANGENT_SPACE pd=UNITY_ENABLE_REFLECTION_BUFFERS UNITY_USE_DITHER_MASK_FOR_ALPHABLENDED_SHADOWS UNITY_PBS_USE_BRDF1 UNITY_SPECCUBE_BOX_PROJECTION UNITY_SPECCUBE_BLENDING UNITY_ENABLE_DETAIL_NORMALMAP SHADER_API_DESKTOP UNITY_LIGHT_PROBE_PROXY_VOLUME UNITY_LIGHTMAP_FULL_HDR ok=1
Cmd: compileSnippet
  api=4 type=0 insize=7331 outsize=1834 kw=UNITY_PASS_MOTIONVECTORS _NORMALMAP_TANGENT_SPACE pd=UNITY_ENABLE_REFLECTION_BUFFERS UNITY_USE_DITHER_MASK_FOR_ALPHABLENDED_SHADOWS UNITY_PBS_USE_BRDF1 UNITY_SPECCUBE_BOX_PROJECTION UNITY_SPECCUBE_BLENDING UNITY_ENABLE_DETAIL_NORMALMAP SHADER_API_DESKTOP UNITY_LIGHT_PROBE_PROXY_VOLUME UNITY_LIGHTMAP_FULL_HDR ok=1
